2025-02-23 19:26:50,752 - INFO - 开始同步仿真数据...
2025-02-23 19:26:50,752 - INFO - MySQL连接: 192.168.35.10
2025-02-23 19:26:50,752 - INFO - Neo4j连接: bolt://192.168.35.10:7687
2025-02-23 19:26:50,753 - INFO - 尝试连接MySQL,配置信息: {'host': '192.168.35.10', 'user': 'root', 'password': '13701033228', 'database': 'lbfat'}
2025-02-23 19:26:50,924 - INFO - MySQL连接成功!
2025-02-23 19:26:50,924 - INFO - 1. 仿真设备及单元

2025-02-23 19:26:50,925 - INFO - 正在获取设备类型数据...
2025-02-23 19:26:51,004 - INFO - 获取到18个设备类型
2025-02-23 19:26:51,005 - INFO - 正在获取设备数据...
2025-02-23 19:26:51,011 - INFO - 获取到4个设备
2025-02-23 19:26:51,016 - INFO - 正在获取点位配置数据...
2025-02-23 19:26:51,086 - INFO - 获取到194个点位配置
2025-02-23 19:26:51,087 - INFO - 开始验证数据...
2025-02-23 19:26:51,087 - INFO - 数据验证完成
2025-02-23 19:26:51,170 - INFO - 开始创建仿真节点...
2025-02-23 19:26:52,702 - INFO - 开始创建节点间连接关系...
2025-02-23 19:26:52,779 - INFO - Received notification from DBMS server: {severity: INFORMATION} {code: Neo.ClientNotification.Statement.CartesianProduct} {category: PERFORMANCE} {title: This query builds a cartesian product between disconnected patterns.} {description: If a part of a query contains multiple disconnected patterns, this will build a cartesian product between all those parts. This may produce a large amount of data and slow down query processing. While occasionally intended, it may often be possible to reformulate the query that avoids the use of this cross product, perhaps by adding a relationship between the different parts or by using OPTIONAL MATCH (identifier is: (v2))} {position: line: 2, column: 1, offset: 13} for query: "\n            MATCH (v1:Vertex {type: 'sim'}), (v2:Vertex {type: 'sim'})\n            WHERE v1.DeviceId = v2.DeviceId\n            AND v1.PointIndex < v2.PointIndex\n            CREATE (v1)-[:INTERNAL_CONNECTION {\n                type: 'internal',\n                created_at: $timestamp\n            }]->(v2)\n        "
2025-02-23 19:26:52,884 - INFO - Received notification from DBMS server: {severity: INFORMATION} {code: Neo.ClientNotification.Statement.CartesianProduct} {category: PERFORMANCE} {title: This query builds a cartesian product between disconnected patterns.} {description: If a part of a query contains multiple disconnected patterns, this will build a cartesian product between all those parts. This may produce a large amount of data and slow down query processing. While occasionally intended, it may often be possible to reformulate the query that avoids the use of this cross product, perhaps by adding a relationship between the different parts or by using OPTIONAL MATCH (identifier is: (v2))} {position: line: 2, column: 1, offset: 13} for query: "\n            MATCH (v1:Vertex {type: 'sim'}), (v2:Vertex {type: 'sim'})\n            WHERE v1.DeviceId < v2.DeviceId\n            AND abs(v1.DeviceId - v2.DeviceId) = 1\n            CREATE (v1)-[:ADJACENT_CONNECTION {\n                type: 'adjacent',\n                created_at: $timestamp\n            }]->(v2)\n        "
2025-02-23 19:26:52,911 - INFO - 
已创建的节点信息:
2025-02-23 19:26:52,919 - INFO - 
Simulation层节点:
2025-02-23 19:26:52,919 - INFO -   - SIM_lb_test+EBD-1:0: B类型单元 (设备1, 索引: 0, 类型: sim)
2025-02-23 19:26:52,920 - INFO -   - SIM_lb_test+EBD-1:1: B类型单元 (设备1, 索引: 1, 类型: sim)
2025-02-23 19:26:52,920 - INFO -   - SIM_lb_test+EBD-1:2: B类型单元 (设备1, 索引: 2, 类型: sim)
2025-02-23 19:26:52,921 - INFO -   - SIM_lb_test+EBD-1:3: B类型单元 (设备1, 索引: 3, 类型: sim)
2025-02-23 19:26:52,921 - INFO -   - SIM_lb_test+EBD-1:4: B类型单元 (设备1, 索引: 4, 类型: sim)
2025-02-23 19:26:52,921 - INFO -   - SIM_lb_test+EBD-1:5: B类型单元 (设备1, 索引: 5, 类型: sim)
2025-02-23 19:26:52,922 - INFO -   - SIM_lb_test+EBD-1:6: B类型单元 (设备1, 索引: 6, 类型: sim)
2025-02-23 19:26:52,922 - INFO -   - SIM_lb_test+EBD-1:7: B类型单元 (设备1, 索引: 7, 类型: sim)
2025-02-23 19:26:52,922 - INFO -   - SIM_lb_test+EBD-1:8: D类型单元 (设备1, 索引: 8, 类型: sim)
2025-02-23 19:26:52,922 - INFO -   - SIM_lb_test+EBD-1:9: D类型单元 (设备1, 索引: 9, 类型: sim)
2025-02-23 19:26:52,922 - INFO -   - SIM_lb_test+EBD-1:10: D类型单元 (设备1, 索引: 10, 类型: sim)
2025-02-23 19:26:52,923 - INFO -   - SIM_lb_test+EBD-1:11: D类型单元 (设备1, 索引: 11, 类型: sim)
2025-02-23 19:26:52,923 - INFO -   - SIM_lb_test+EBD-1:12: B类型单元 (设备1, 索引: 12, 类型: sim)
2025-02-23 19:26:52,923 - INFO -   - SIM_lb_test+EBD-1:13: B类型单元 (设备1, 索引: 13, 类型: sim)
2025-02-23 19:26:52,923 - INFO -   - SIM_lb_test+EBD-1:14: B类型单元 (设备1, 索引: 14, 类型: sim)
2025-02-23 19:26:52,923 - INFO -   - SIM_lb_test+EBD-1:15: B类型单元 (设备1, 索引: 15, 类型: sim)
2025-02-23 19:26:52,923 - INFO -   - SIM_lb_test+EBD-1:16: B类型单元 (设备1, 索引: 16, 类型: sim)
2025-02-23 19:26:52,924 - INFO -   - SIM_lb_test+EBD-1:17: B类型单元 (设备1, 索引: 17, 类型: sim)
2025-02-23 19:26:52,924 - INFO -   - SIM_lb_test+EBD-1:18: B类型单元 (设备1, 索引: 18, 类型: sim)
2025-02-23 19:26:52,924 - INFO -   - SIM_lb_test+EBD-1:19: B类型单元 (设备1, 索引: 19, 类型: sim)
2025-02-23 19:26:52,924 - INFO -   - SIM_lb_test+EDB-2:0: D类型单元 (设备2, 索引: 0, 类型: sim)
2025-02-23 19:26:52,924 - INFO -   - SIM_lb_test+EDB-2:1: D类型单元 (设备2, 索引: 1, 类型: sim)
2025-02-23 19:26:52,924 - INFO -   - SIM_lb_test+EDB-2:2: D类型单元 (设备2, 索引: 2, 类型: sim)
2025-02-23 19:26:52,924 - INFO -   - SIM_lb_test+EDB-2:3: D类型单元 (设备2, 索引: 3, 类型: sim)
2025-02-23 19:26:52,924 - INFO -   - SIM_lb_test+EDB-2:4: D类型单元 (设备2, 索引: 4, 类型: sim)
2025-02-23 19:26:52,925 - INFO -   - SIM_lb_test+EDB-2:5: D类型单元 (设备2, 索引: 5, 类型: sim)
2025-02-23 19:26:52,925 - INFO -   - SIM_lb_test+EDB-2:6: D类型单元 (设备2, 索引: 6, 类型: sim)
2025-02-23 19:26:52,925 - INFO -   - SIM_lb_test+EDB-2:7: B类型单元 (设备2, 索引: 7, 类型: sim)
2025-02-23 19:26:52,926 - INFO -   - SIM_lb_test+EDB-2:8: B类型单元 (设备2, 索引: 8, 类型: sim)
2025-02-23 19:26:52,926 - INFO -   - SIM_lb_test+EDB-2:9: B类型单元 (设备2, 索引: 9, 类型: sim)
2025-02-23 19:26:52,926 - INFO -   - SIM_lb_test+EDB-2:10: D类型单元 (设备2, 索引: 10, 类型: sim)
2025-02-23 19:26:52,926 - INFO -   - SIM_lb_test+EDB-2:11: D类型单元 (设备2, 索引: 11, 类型: sim)
2025-02-23 19:26:52,927 - INFO -   - SIM_lb_test+EDB-2:12: D类型单元 (设备2, 索引: 12, 类型: sim)
2025-02-23 19:26:52,927 - INFO -   - SIM_lb_test+EDB-2:13: D类型单元 (设备2, 索引: 13, 类型: sim)
2025-02-23 19:26:52,927 - INFO -   - SIM_lb_test+EDB-2:14: D类型单元 (设备2, 索引: 14, 类型: sim)
2025-02-23 19:26:52,928 - INFO -   - SIM_lb_test+EDB-2:15: D类型单元 (设备2, 索引: 15, 类型: sim)
2025-02-23 19:26:52,928 - INFO -   - SIM_lb_test+EDB-2:16: D类型单元 (设备2, 索引: 16, 类型: sim)
2025-02-23 19:26:52,928 - INFO -   - SIM_lb_test+EDB-2:17: D类型单元 (设备2, 索引: 17, 类型: sim)
2025-02-23 19:26:52,928 - INFO -   - SIM_lb_test+EDB-2:18: D类型单元 (设备2, 索引: 18, 类型: sim)
2025-02-23 19:26:52,928 - INFO -   - SIM_lb_test+EDB-2:19: D类型单元 (设备2, 索引: 19, 类型: sim)
2025-02-23 19:26:52,929 - INFO -   - SIM_lb_test+EDB-3:0: D类型单元 (设备3, 索引: 0, 类型: sim)
2025-02-23 19:26:52,929 - INFO -   - SIM_lb_test+EDB-3:1: D类型单元 (设备3, 索引: 1, 类型: sim)
2025-02-23 19:26:52,929 - INFO -   - SIM_lb_test+EDB-3:2: D类型单元 (设备3, 索引: 2, 类型: sim)
2025-02-23 19:26:52,929 - INFO -   - SIM_lb_test+EDB-3:3: D类型单元 (设备3, 索引: 3, 类型: sim)
2025-02-23 19:26:52,930 - INFO -   - SIM_lb_test+EDB-3:4: D类型单元 (设备3, 索引: 4, 类型: sim)
2025-02-23 19:26:52,930 - INFO -   - SIM_lb_test+EDB-3:5: D类型单元 (设备3, 索引: 5, 类型: sim)
2025-02-23 19:26:52,930 - INFO -   - SIM_lb_test+EDB-3:6: D类型单元 (设备3, 索引: 6, 类型: sim)
2025-02-23 19:26:52,930 - INFO -   - SIM_lb_test+EDB-3:7: B类型单元 (设备3, 索引: 7, 类型: sim)
2025-02-23 19:26:52,930 - INFO -   - SIM_lb_test+EDB-3:8: B类型单元 (设备3, 索引: 8, 类型: sim)
2025-02-23 19:26:52,931 - INFO -   - SIM_lb_test+EDB-3:9: B类型单元 (设备3, 索引: 9, 类型: sim)
2025-02-23 19:26:52,931 - INFO -   - SIM_lb_test+EDB-3:10: D类型单元 (设备3, 索引: 10, 类型: sim)
2025-02-23 19:26:52,931 - INFO -   - SIM_lb_test+EDB-3:11: D类型单元 (设备3, 索引: 11, 类型: sim)
2025-02-23 19:26:52,931 - INFO -   - SIM_lb_test+EDB-3:12: D类型单元 (设备3, 索引: 12, 类型: sim)
2025-02-23 19:26:52,931 - INFO -   - SIM_lb_test+EDB-3:13: D类型单元 (设备3, 索引: 13, 类型: sim)
2025-02-23 19:26:52,932 - INFO -   - SIM_lb_test+EDB-3:14: D类型单元 (设备3, 索引: 14, 类型: sim)
2025-02-23 19:26:52,932 - INFO -   - SIM_lb_test+EDB-3:15: D类型单元 (设备3, 索引: 15, 类型: sim)
2025-02-23 19:26:52,932 - INFO -   - SIM_lb_test+EDB-3:16: D类型单元 (设备3, 索引: 16, 类型: sim)
2025-02-23 19:26:52,932 - INFO -   - SIM_lb_test+EDB-3:17: D类型单元 (设备3, 索引: 17, 类型: sim)
2025-02-23 19:26:52,932 - INFO -   - SIM_lb_test+EDB-3:18: D类型单元 (设备3, 索引: 18, 类型: sim)
2025-02-23 19:26:52,932 - INFO -   - SIM_lb_test+EDB-3:19: D类型单元 (设备3, 索引: 19, 类型: sim)
2025-02-23 19:26:52,932 - INFO -   - SIM_lb_test+EBD-4:0: B类型单元 (设备4, 索引: 0, 类型: sim)
2025-02-23 19:26:52,932 - INFO -   - SIM_lb_test+EBD-4:1: B类型单元 (设备4, 索引: 1, 类型: sim)
2025-02-23 19:26:52,932 - INFO -   - SIM_lb_test+EBD-4:2: B类型单元 (设备4, 索引: 2, 类型: sim)
2025-02-23 19:26:52,932 - INFO -   - SIM_lb_test+EBD-4:3: B类型单元 (设备4, 索引: 3, 类型: sim)
2025-02-23 19:26:52,933 - INFO -   - SIM_lb_test+EBD-4:4: B类型单元 (设备4, 索引: 4, 类型: sim)
2025-02-23 19:26:52,933 - INFO -   - SIM_lb_test+EBD-4:5: B类型单元 (设备4, 索引: 5, 类型: sim)
2025-02-23 19:26:52,933 - INFO -   - SIM_lb_test+EBD-4:6: B类型单元 (设备4, 索引: 6, 类型: sim)
2025-02-23 19:26:52,933 - INFO -   - SIM_lb_test+EBD-4:7: B类型单元 (设备4, 索引: 7, 类型: sim)
2025-02-23 19:26:52,933 - INFO -   - SIM_lb_test+EBD-4:8: D类型单元 (设备4, 索引: 8, 类型: sim)
2025-02-23 19:26:52,933 - INFO -   - SIM_lb_test+EBD-4:9: D类型单元 (设备4, 索引: 9, 类型: sim)
2025-02-23 19:26:52,933 - INFO -   - SIM_lb_test+EBD-4:10: D类型单元 (设备4, 索引: 10, 类型: sim)
2025-02-23 19:26:52,933 - INFO -   - SIM_lb_test+EBD-4:11: D类型单元 (设备4, 索引: 11, 类型: sim)
2025-02-23 19:26:52,933 - INFO -   - SIM_lb_test+EBD-4:12: B类型单元 (设备4, 索引: 12, 类型: sim)
2025-02-23 19:26:52,933 - INFO -   - SIM_lb_test+EBD-4:13: B类型单元 (设备4, 索引: 13, 类型: sim)
2025-02-23 19:26:52,934 - INFO -   - SIM_lb_test+EBD-4:14: B类型单元 (设备4, 索引: 14, 类型: sim)
2025-02-23 19:26:52,934 - INFO -   - SIM_lb_test+EBD-4:15: B类型单元 (设备4, 索引: 15, 类型: sim)
2025-02-23 19:26:52,934 - INFO -   - SIM_lb_test+EBD-4:16: B类型单元 (设备4, 索引: 16, 类型: sim)
2025-02-23 19:26:52,934 - INFO -   - SIM_lb_test+EBD-4:17: B类型单元 (设备4, 索引: 17, 类型: sim)
2025-02-23 19:26:52,934 - INFO -   - SIM_lb_test+EBD-4:18: B类型单元 (设备4, 索引: 18, 类型: sim)
2025-02-23 19:26:52,934 - INFO -   - SIM_lb_test+EBD-4:19: B类型单元 (设备4, 索引: 19, 类型: sim)
2025-02-23 19:26:52,940 - INFO - 
节点统计:
2025-02-23 19:26:52,940 - INFO - - B类型节点 (sim): 38个
2025-02-23 19:26:52,940 - INFO - - D类型节点 (sim): 42个
2025-02-23 19:26:52,966 - INFO - 
连接关系统计:
2025-02-23 19:27:26,279 - INFO - 开始同步仿真数据...
2025-02-23 19:27:26,280 - INFO - MySQL连接: 192.168.35.10
2025-02-23 19:27:26,280 - INFO - Neo4j连接: bolt://192.168.35.10:7687
2025-02-23 19:27:26,281 - INFO - 尝试连接MySQL,配置信息: {'host': '192.168.35.10', 'user': 'root', 'password': '13701033228', 'database': 'lbfat'}
2025-02-23 19:27:26,331 - INFO - MySQL连接成功!
2025-02-23 19:27:26,332 - INFO - 1. 仿真设备及单元

2025-02-23 19:27:26,333 - INFO - 正在获取设备类型数据...
2025-02-23 19:27:26,342 - INFO - 获取到18个设备类型
2025-02-23 19:27:26,343 - INFO - 正在获取设备数据...
2025-02-23 19:27:26,350 - INFO - 获取到4个设备
2025-02-23 19:27:26,351 - INFO - 正在获取点位配置数据...
2025-02-23 19:27:26,370 - INFO - 获取到194个点位配置
2025-02-23 19:27:26,371 - INFO - 开始验证数据...
2025-02-23 19:27:26,371 - INFO - 数据验证完成
2025-02-23 19:27:26,415 - INFO - 开始创建仿真节点...
2025-02-23 19:27:27,070 - INFO - 开始创建节点间连接关系...
2025-02-23 19:27:27,089 - INFO - Received notification from DBMS server: {severity: INFORMATION} {code: Neo.ClientNotification.Statement.CartesianProduct} {category: PERFORMANCE} {title: This query builds a cartesian product between disconnected patterns.} {description: If a part of a query contains multiple disconnected patterns, this will build a cartesian product between all those parts. This may produce a large amount of data and slow down query processing. While occasionally intended, it may often be possible to reformulate the query that avoids the use of this cross product, perhaps by adding a relationship between the different parts or by using OPTIONAL MATCH (identifier is: (v2))} {position: line: 2, column: 1, offset: 13} for query: "\n            MATCH (v1:Vertex {type: 'sim'}), (v2:Vertex {type: 'sim'})\n            WHERE v1.DeviceId = v2.DeviceId\n            AND v1.PointIndex < v2.PointIndex\n            CREATE (v1)-[:INTERNAL_CONNECTION {\n                type: 'internal',\n                created_at: $timestamp\n            }]->(v2)\n        "
2025-02-23 19:27:27,113 - INFO - Received notification from DBMS server: {severity: INFORMATION} {code: Neo.ClientNotification.Statement.CartesianProduct} {category: PERFORMANCE} {title: This query builds a cartesian product between disconnected patterns.} {description: If a part of a query contains multiple disconnected patterns, this will build a cartesian product between all those parts. This may produce a large amount of data and slow down query processing. While occasionally intended, it may often be possible to reformulate the query that avoids the use of this cross product, perhaps by adding a relationship between the different parts or by using OPTIONAL MATCH (identifier is: (v2))} {position: line: 2, column: 1, offset: 13} for query: "\n            MATCH (v1:Vertex {type: 'sim'}), (v2:Vertex {type: 'sim'})\n            WHERE v1.DeviceId < v2.DeviceId\n            AND abs(v1.DeviceId - v2.DeviceId) = 1\n            CREATE (v1)-[:ADJACENT_CONNECTION {\n                type: 'adjacent',\n                created_at: $timestamp\n            }]->(v2)\n        "
2025-02-23 19:27:27,153 - INFO - 
已创建的节点信息:
2025-02-23 19:27:27,163 - INFO - 
Simulation层节点:
2025-02-23 19:27:27,164 - INFO -   - SIM_lb_test+EBD-1:0: B类型单元 (设备1, 索引: 0, 类型: sim)
2025-02-23 19:27:27,164 - INFO -   - SIM_lb_test+EBD-1:1: B类型单元 (设备1, 索引: 1, 类型: sim)
2025-02-23 19:27:27,164 - INFO -   - SIM_lb_test+EBD-1:2: B类型单元 (设备1, 索引: 2, 类型: sim)
2025-02-23 19:27:27,164 - INFO -   - SIM_lb_test+EBD-1:3: B类型单元 (设备1, 索引: 3, 类型: sim)
2025-02-23 19:27:27,164 - INFO -   - SIM_lb_test+EBD-1:4: B类型单元 (设备1, 索引: 4, 类型: sim)
2025-02-23 19:27:27,164 - INFO -   - SIM_lb_test+EBD-1:5: B类型单元 (设备1, 索引: 5, 类型: sim)
2025-02-23 19:27:27,165 - INFO -   - SIM_lb_test+EBD-1:6: B类型单元 (设备1, 索引: 6, 类型: sim)
2025-02-23 19:27:27,165 - INFO -   - SIM_lb_test+EBD-1:7: B类型单元 (设备1, 索引: 7, 类型: sim)
2025-02-23 19:27:27,166 - INFO -   - SIM_lb_test+EBD-1:8: D类型单元 (设备1, 索引: 8, 类型: sim)
2025-02-23 19:27:27,166 - INFO -   - SIM_lb_test+EBD-1:9: D类型单元 (设备1, 索引: 9, 类型: sim)
2025-02-23 19:27:27,166 - INFO -   - SIM_lb_test+EBD-1:10: D类型单元 (设备1, 索引: 10, 类型: sim)
2025-02-23 19:27:27,166 - INFO -   - SIM_lb_test+EBD-1:11: D类型单元 (设备1, 索引: 11, 类型: sim)
2025-02-23 19:27:27,166 - INFO -   - SIM_lb_test+EBD-1:12: B类型单元 (设备1, 索引: 12, 类型: sim)
2025-02-23 19:27:27,166 - INFO -   - SIM_lb_test+EBD-1:13: B类型单元 (设备1, 索引: 13, 类型: sim)
2025-02-23 19:27:27,166 - INFO -   - SIM_lb_test+EBD-1:14: B类型单元 (设备1, 索引: 14, 类型: sim)
2025-02-23 19:27:27,166 - INFO -   - SIM_lb_test+EBD-1:15: B类型单元 (设备1, 索引: 15, 类型: sim)
2025-02-23 19:27:27,167 - INFO -   - SIM_lb_test+EBD-1:16: B类型单元 (设备1, 索引: 16, 类型: sim)
2025-02-23 19:27:27,167 - INFO -   - SIM_lb_test+EBD-1:17: B类型单元 (设备1, 索引: 17, 类型: sim)
2025-02-23 19:27:27,167 - INFO -   - SIM_lb_test+EBD-1:18: B类型单元 (设备1, 索引: 18, 类型: sim)
2025-02-23 19:27:27,167 - INFO -   - SIM_lb_test+EBD-1:19: B类型单元 (设备1, 索引: 19, 类型: sim)
2025-02-23 19:27:27,167 - INFO -   - SIM_lb_test+EDB-2:0: D类型单元 (设备2, 索引: 0, 类型: sim)
2025-02-23 19:27:27,167 - INFO -   - SIM_lb_test+EDB-2:1: D类型单元 (设备2, 索引: 1, 类型: sim)
2025-02-23 19:27:27,168 - INFO -   - SIM_lb_test+EDB-2:2: D类型单元 (设备2, 索引: 2, 类型: sim)
2025-02-23 19:27:27,168 - INFO -   - SIM_lb_test+EDB-2:3: D类型单元 (设备2, 索引: 3, 类型: sim)
2025-02-23 19:27:27,168 - INFO -   - SIM_lb_test+EDB-2:4: D类型单元 (设备2, 索引: 4, 类型: sim)
2025-02-23 19:27:27,168 - INFO -   - SIM_lb_test+EDB-2:5: D类型单元 (设备2, 索引: 5, 类型: sim)
2025-02-23 19:27:27,168 - INFO -   - SIM_lb_test+EDB-2:6: D类型单元 (设备2, 索引: 6, 类型: sim)
2025-02-23 19:27:27,168 - INFO -   - SIM_lb_test+EDB-2:7: B类型单元 (设备2, 索引: 7, 类型: sim)
2025-02-23 19:27:27,169 - INFO -   - SIM_lb_test+EDB-2:8: B类型单元 (设备2, 索引: 8, 类型: sim)
2025-02-23 19:27:27,169 - INFO -   - SIM_lb_test+EDB-2:9: B类型单元 (设备2, 索引: 9, 类型: sim)
2025-02-23 19:27:27,169 - INFO -   - SIM_lb_test+EDB-2:10: D类型单元 (设备2, 索引: 10, 类型: sim)
2025-02-23 19:27:27,169 - INFO -   - SIM_lb_test+EDB-2:11: D类型单元 (设备2, 索引: 11, 类型: sim)
2025-02-23 19:27:27,169 - INFO -   - SIM_lb_test+EDB-2:12: D类型单元 (设备2, 索引: 12, 类型: sim)
2025-02-23 19:27:27,169 - INFO -   - SIM_lb_test+EDB-2:13: D类型单元 (设备2, 索引: 13, 类型: sim)
2025-02-23 19:27:27,170 - INFO -   - SIM_lb_test+EDB-2:14: D类型单元 (设备2, 索引: 14, 类型: sim)
2025-02-23 19:27:27,170 - INFO -   - SIM_lb_test+EDB-2:15: D类型单元 (设备2, 索引: 15, 类型: sim)
2025-02-23 19:27:27,170 - INFO -   - SIM_lb_test+EDB-2:16: D类型单元 (设备2, 索引: 16, 类型: sim)
2025-02-23 19:27:27,170 - INFO -   - SIM_lb_test+EDB-2:17: D类型单元 (设备2, 索引: 17, 类型: sim)
2025-02-23 19:27:27,170 - INFO -   - SIM_lb_test+EDB-2:18: D类型单元 (设备2, 索引: 18, 类型: sim)
2025-02-23 19:27:27,170 - INFO -   - SIM_lb_test+EDB-2:19: D类型单元 (设备2, 索引: 19, 类型: sim)
2025-02-23 19:27:27,171 - INFO -   - SIM_lb_test+EDB-3:0: D类型单元 (设备3, 索引: 0, 类型: sim)
2025-02-23 19:27:27,171 - INFO -   - SIM_lb_test+EDB-3:1: D类型单元 (设备3, 索引: 1, 类型: sim)
2025-02-23 19:27:27,171 - INFO -   - SIM_lb_test+EDB-3:2: D类型单元 (设备3, 索引: 2, 类型: sim)
2025-02-23 19:27:27,171 - INFO -   - SIM_lb_test+EDB-3:3: D类型单元 (设备3, 索引: 3, 类型: sim)
2025-02-23 19:27:27,171 - INFO -   - SIM_lb_test+EDB-3:4: D类型单元 (设备3, 索引: 4, 类型: sim)
2025-02-23 19:27:27,171 - INFO -   - SIM_lb_test+EDB-3:5: D类型单元 (设备3, 索引: 5, 类型: sim)
2025-02-23 19:27:27,171 - INFO -   - SIM_lb_test+EDB-3:6: D类型单元 (设备3, 索引: 6, 类型: sim)
2025-02-23 19:27:27,171 - INFO -   - SIM_lb_test+EDB-3:7: B类型单元 (设备3, 索引: 7, 类型: sim)
2025-02-23 19:27:27,171 - INFO -   - SIM_lb_test+EDB-3:8: B类型单元 (设备3, 索引: 8, 类型: sim)
2025-02-23 19:27:27,171 - INFO -   - SIM_lb_test+EDB-3:9: B类型单元 (设备3, 索引: 9, 类型: sim)
2025-02-23 19:27:27,172 - INFO -   - SIM_lb_test+EDB-3:10: D类型单元 (设备3, 索引: 10, 类型: sim)
2025-02-23 19:27:27,172 - INFO -   - SIM_lb_test+EDB-3:11: D类型单元 (设备3, 索引: 11, 类型: sim)
2025-02-23 19:27:27,172 - INFO -   - SIM_lb_test+EDB-3:12: D类型单元 (设备3, 索引: 12, 类型: sim)
2025-02-23 19:27:27,172 - INFO -   - SIM_lb_test+EDB-3:13: D类型单元 (设备3, 索引: 13, 类型: sim)
2025-02-23 19:27:27,172 - INFO -   - SIM_lb_test+EDB-3:14: D类型单元 (设备3, 索引: 14, 类型: sim)
2025-02-23 19:27:27,172 - INFO -   - SIM_lb_test+EDB-3:15: D类型单元 (设备3, 索引: 15, 类型: sim)
2025-02-23 19:27:27,172 - INFO -   - SIM_lb_test+EDB-3:16: D类型单元 (设备3, 索引: 16, 类型: sim)
2025-02-23 19:27:27,172 - INFO -   - SIM_lb_test+EDB-3:17: D类型单元 (设备3, 索引: 17, 类型: sim)
2025-02-23 19:27:27,173 - INFO -   - SIM_lb_test+EDB-3:18: D类型单元 (设备3, 索引: 18, 类型: sim)
2025-02-23 19:27:27,173 - INFO -   - SIM_lb_test+EDB-3:19: D类型单元 (设备3, 索引: 19, 类型: sim)
2025-02-23 19:27:27,173 - INFO -   - SIM_lb_test+EBD-4:0: B类型单元 (设备4, 索引: 0, 类型: sim)
2025-02-23 19:27:27,173 - INFO -   - SIM_lb_test+EBD-4:1: B类型单元 (设备4, 索引: 1, 类型: sim)
2025-02-23 19:27:27,173 - INFO -   - SIM_lb_test+EBD-4:2: B类型单元 (设备4, 索引: 2, 类型: sim)
2025-02-23 19:27:27,173 - INFO -   - SIM_lb_test+EBD-4:3: B类型单元 (设备4, 索引: 3, 类型: sim)
2025-02-23 19:27:27,174 - INFO -   - SIM_lb_test+EBD-4:4: B类型单元 (设备4, 索引: 4, 类型: sim)
2025-02-23 19:27:27,174 - INFO -   - SIM_lb_test+EBD-4:5: B类型单元 (设备4, 索引: 5, 类型: sim)
2025-02-23 19:27:27,174 - INFO -   - SIM_lb_test+EBD-4:6: B类型单元 (设备4, 索引: 6, 类型: sim)
2025-02-23 19:27:27,174 - INFO -   - SIM_lb_test+EBD-4:7: B类型单元 (设备4, 索引: 7, 类型: sim)
2025-02-23 19:27:27,174 - INFO -   - SIM_lb_test+EBD-4:8: D类型单元 (设备4, 索引: 8, 类型: sim)
2025-02-23 19:27:27,175 - INFO -   - SIM_lb_test+EBD-4:9: D类型单元 (设备4, 索引: 9, 类型: sim)
2025-02-23 19:27:27,175 - INFO -   - SIM_lb_test+EBD-4:10: D类型单元 (设备4, 索引: 10, 类型: sim)
2025-02-23 19:27:27,175 - INFO -   - SIM_lb_test+EBD-4:11: D类型单元 (设备4, 索引: 11, 类型: sim)
2025-02-23 19:27:27,175 - INFO -   - SIM_lb_test+EBD-4:12: B类型单元 (设备4, 索引: 12, 类型: sim)
2025-02-23 19:27:27,175 - INFO -   - SIM_lb_test+EBD-4:13: B类型单元 (设备4, 索引: 13, 类型: sim)
2025-02-23 19:27:27,175 - INFO -   - SIM_lb_test+EBD-4:14: B类型单元 (设备4, 索引: 14, 类型: sim)
2025-02-23 19:27:27,175 - INFO -   - SIM_lb_test+EBD-4:15: B类型单元 (设备4, 索引: 15, 类型: sim)
2025-02-23 19:27:27,175 - INFO -   - SIM_lb_test+EBD-4:16: B类型单元 (设备4, 索引: 16, 类型: sim)
2025-02-23 19:27:27,176 - INFO -   - SIM_lb_test+EBD-4:17: B类型单元 (设备4, 索引: 17, 类型: sim)
2025-02-23 19:27:27,176 - INFO -   - SIM_lb_test+EBD-4:18: B类型单元 (设备4, 索引: 18, 类型: sim)
2025-02-23 19:27:27,176 - INFO -   - SIM_lb_test+EBD-4:19: B类型单元 (设备4, 索引: 19, 类型: sim)
2025-02-23 19:27:27,184 - INFO - 
节点统计:
2025-02-23 19:27:27,184 - INFO - - B类型节点 (sim): 38个
2025-02-23 19:27:27,185 - INFO - - D类型节点 (sim): 42个
2025-02-23 19:27:27,191 - INFO - 
连接关系统计:
2025-02-23 19:29:45,095 - INFO - 开始同步仿真数据...
2025-02-23 19:29:45,095 - INFO - MySQL连接: 192.168.35.10
2025-02-23 19:29:45,096 - INFO - Neo4j连接: bolt://192.168.35.10:7687
2025-02-23 19:29:45,096 - INFO - 尝试连接MySQL,配置信息: {'host': '192.168.35.10', 'user': 'root', 'password': '13701033228', 'database': 'lbfat'}
2025-02-23 19:29:45,131 - INFO - MySQL连接成功!
2025-02-23 19:29:45,131 - INFO - 1. 仿真设备及单元

2025-02-23 19:29:45,131 - INFO - 正在获取设备类型数据...
2025-02-23 19:29:45,139 - INFO - 获取到18个设备类型
2025-02-23 19:29:45,139 - INFO - 正在获取设备数据...
2025-02-23 19:29:45,145 - INFO - 获取到4个设备
2025-02-23 19:29:45,146 - INFO - 正在获取点位配置数据...
2025-02-23 19:29:45,166 - INFO - 获取到194个点位配置
2025-02-23 19:29:45,166 - INFO - 开始验证数据...
2025-02-23 19:29:45,167 - INFO - 数据验证完成
2025-02-23 19:29:45,191 - INFO - 开始创建仿真节点...
2025-02-23 19:29:45,805 - INFO - 开始创建节点间连接关系...
2025-02-23 19:29:45,859 - WARNING - Received notification from DBMS server: {severity: WARNING} {code: Neo.ClientNotification.Statement.FeatureDeprecationWarning} {category: DEPRECATION} {title: This feature is deprecated and will be removed in future versions.} {description: The query used a deprecated function: `id`.} {position: line: 6, column: 28, offset: 209} for query: "\n            MATCH (v1:Vertex {type: 'sim'})\n            MATCH (v2:Vertex {type: 'sim'})\n            WHERE v1.DeviceId = v2.DeviceId \n              AND v1.PointIndex < v2.PointIndex\n              AND id(v1) < id(v2)\n            CREATE (v1)-[:INTERNAL_CONNECTION {\n                type: 'internal',\n                created_at: $timestamp\n            }]->(v2)\n        "
2025-02-23 19:29:45,860 - WARNING - Received notification from DBMS server: {severity: WARNING} {code: Neo.ClientNotification.Statement.FeatureDeprecationWarning} {category: DEPRECATION} {title: This feature is deprecated and will be removed in future versions.} {description: The query used a deprecated function: `id`.} {position: line: 6, column: 19, offset: 200} for query: "\n            MATCH (v1:Vertex {type: 'sim'})\n            MATCH (v2:Vertex {type: 'sim'})\n            WHERE v1.DeviceId = v2.DeviceId \n              AND v1.PointIndex < v2.PointIndex\n              AND id(v1) < id(v2)\n            CREATE (v1)-[:INTERNAL_CONNECTION {\n                type: 'internal',\n                created_at: $timestamp\n            }]->(v2)\n        "
2025-02-23 19:29:45,919 - WARNING - Received notification from DBMS server: {severity: WARNING} {code: Neo.ClientNotification.Statement.FeatureDeprecationWarning} {category: DEPRECATION} {title: This feature is deprecated and will be removed in future versions.} {description: The query used a deprecated function: `id`.} {position: line: 6, column: 19, offset: 205} for query: "\n            MATCH (v1:Vertex {type: 'sim'})\n            MATCH (v2:Vertex {type: 'sim'})\n            WHERE v1.DeviceId < v2.DeviceId \n              AND abs(v1.DeviceId - v2.DeviceId) = 1\n              AND id(v1) < id(v2)\n            CREATE (v1)-[:ADJACENT_CONNECTION {\n                type: 'adjacent',\n                created_at: $timestamp\n            }]->(v2)\n        "
2025-02-23 19:29:45,920 - WARNING - Received notification from DBMS server: {severity: WARNING} {code: Neo.ClientNotification.Statement.FeatureDeprecationWarning} {category: DEPRECATION} {title: This feature is deprecated and will be removed in future versions.} {description: The query used a deprecated function: `id`.} {position: line: 6, column: 28, offset: 214} for query: "\n            MATCH (v1:Vertex {type: 'sim'})\n            MATCH (v2:Vertex {type: 'sim'})\n            WHERE v1.DeviceId < v2.DeviceId \n              AND abs(v1.DeviceId - v2.DeviceId) = 1\n              AND id(v1) < id(v2)\n            CREATE (v1)-[:ADJACENT_CONNECTION {\n                type: 'adjacent',\n                created_at: $timestamp\n            }]->(v2)\n        "
2025-02-23 19:29:45,950 - INFO - 
已创建的节点信息:
2025-02-23 19:29:45,960 - INFO - 
Simulation层节点:
2025-02-23 19:29:45,961 - INFO -   - SIM_lb_test+EBD-1:0: B类型单元 (设备1, 索引: 0, 类型: sim)
2025-02-23 19:29:45,961 - INFO -   - SIM_lb_test+EBD-1:1: B类型单元 (设备1, 索引: 1, 类型: sim)
2025-02-23 19:29:45,962 - INFO -   - SIM_lb_test+EBD-1:2: B类型单元 (设备1, 索引: 2, 类型: sim)
2025-02-23 19:29:45,962 - INFO -   - SIM_lb_test+EBD-1:3: B类型单元 (设备1, 索引: 3, 类型: sim)
2025-02-23 19:29:45,962 - INFO -   - SIM_lb_test+EBD-1:4: B类型单元 (设备1, 索引: 4, 类型: sim)
2025-02-23 19:29:45,962 - INFO -   - SIM_lb_test+EBD-1:5: B类型单元 (设备1, 索引: 5, 类型: sim)
2025-02-23 19:29:45,962 - INFO -   - SIM_lb_test+EBD-1:6: B类型单元 (设备1, 索引: 6, 类型: sim)
2025-02-23 19:29:45,963 - INFO -   - SIM_lb_test+EBD-1:7: B类型单元 (设备1, 索引: 7, 类型: sim)
2025-02-23 19:29:45,963 - INFO -   - SIM_lb_test+EBD-1:8: D类型单元 (设备1, 索引: 8, 类型: sim)
2025-02-23 19:29:45,963 - INFO -   - SIM_lb_test+EBD-1:9: D类型单元 (设备1, 索引: 9, 类型: sim)
2025-02-23 19:29:45,963 - INFO -   - SIM_lb_test+EBD-1:10: D类型单元 (设备1, 索引: 10, 类型: sim)
2025-02-23 19:29:45,963 - INFO -   - SIM_lb_test+EBD-1:11: D类型单元 (设备1, 索引: 11, 类型: sim)
2025-02-23 19:29:45,963 - INFO -   - SIM_lb_test+EBD-1:12: B类型单元 (设备1, 索引: 12, 类型: sim)
2025-02-23 19:29:45,963 - INFO -   - SIM_lb_test+EBD-1:13: B类型单元 (设备1, 索引: 13, 类型: sim)
2025-02-23 19:29:45,963 - INFO -   - SIM_lb_test+EBD-1:14: B类型单元 (设备1, 索引: 14, 类型: sim)
2025-02-23 19:29:45,963 - INFO -   - SIM_lb_test+EBD-1:15: B类型单元 (设备1, 索引: 15, 类型: sim)
2025-02-23 19:29:45,964 - INFO -   - SIM_lb_test+EBD-1:16: B类型单元 (设备1, 索引: 16, 类型: sim)
2025-02-23 19:29:45,964 - INFO -   - SIM_lb_test+EBD-1:17: B类型单元 (设备1, 索引: 17, 类型: sim)
2025-02-23 19:29:45,964 - INFO -   - SIM_lb_test+EBD-1:18: B类型单元 (设备1, 索引: 18, 类型: sim)
2025-02-23 19:29:45,964 - INFO -   - SIM_lb_test+EBD-1:19: B类型单元 (设备1, 索引: 19, 类型: sim)
2025-02-23 19:29:45,964 - INFO -   - SIM_lb_test+EDB-2:0: D类型单元 (设备2, 索引: 0, 类型: sim)
2025-02-23 19:29:45,964 - INFO -   - SIM_lb_test+EDB-2:1: D类型单元 (设备2, 索引: 1, 类型: sim)
2025-02-23 19:29:45,964 - INFO -   - SIM_lb_test+EDB-2:2: D类型单元 (设备2, 索引: 2, 类型: sim)
2025-02-23 19:29:45,964 - INFO -   - SIM_lb_test+EDB-2:3: D类型单元 (设备2, 索引: 3, 类型: sim)
2025-02-23 19:29:45,965 - INFO -   - SIM_lb_test+EDB-2:4: D类型单元 (设备2, 索引: 4, 类型: sim)
2025-02-23 19:29:45,965 - INFO -   - SIM_lb_test+EDB-2:5: D类型单元 (设备2, 索引: 5, 类型: sim)
2025-02-23 19:29:45,965 - INFO -   - SIM_lb_test+EDB-2:6: D类型单元 (设备2, 索引: 6, 类型: sim)
2025-02-23 19:29:45,965 - INFO -   - SIM_lb_test+EDB-2:7: B类型单元 (设备2, 索引: 7, 类型: sim)
2025-02-23 19:29:45,965 - INFO -   - SIM_lb_test+EDB-2:8: B类型单元 (设备2, 索引: 8, 类型: sim)
2025-02-23 19:29:45,965 - INFO -   - SIM_lb_test+EDB-2:9: B类型单元 (设备2, 索引: 9, 类型: sim)
2025-02-23 19:29:45,965 - INFO -   - SIM_lb_test+EDB-2:10: D类型单元 (设备2, 索引: 10, 类型: sim)
2025-02-23 19:29:45,965 - INFO -   - SIM_lb_test+EDB-2:11: D类型单元 (设备2, 索引: 11, 类型: sim)
2025-02-23 19:29:45,965 - INFO -   - SIM_lb_test+EDB-2:12: D类型单元 (设备2, 索引: 12, 类型: sim)
2025-02-23 19:29:45,965 - INFO -   - SIM_lb_test+EDB-2:13: D类型单元 (设备2, 索引: 13, 类型: sim)
2025-02-23 19:29:45,965 - INFO -   - SIM_lb_test+EDB-2:14: D类型单元 (设备2, 索引: 14, 类型: sim)
2025-02-23 19:29:45,966 - INFO -   - SIM_lb_test+EDB-2:15: D类型单元 (设备2, 索引: 15, 类型: sim)
2025-02-23 19:29:45,966 - INFO -   - SIM_lb_test+EDB-2:16: D类型单元 (设备2, 索引: 16, 类型: sim)
2025-02-23 19:29:45,967 - INFO -   - SIM_lb_test+EDB-2:17: D类型单元 (设备2, 索引: 17, 类型: sim)
2025-02-23 19:29:45,967 - INFO -   - SIM_lb_test+EDB-2:18: D类型单元 (设备2, 索引: 18, 类型: sim)
2025-02-23 19:29:45,967 - INFO -   - SIM_lb_test+EDB-2:19: D类型单元 (设备2, 索引: 19, 类型: sim)
2025-02-23 19:29:45,968 - INFO -   - SIM_lb_test+EDB-3:0: D类型单元 (设备3, 索引: 0, 类型: sim)
2025-02-23 19:29:45,968 - INFO -   - SIM_lb_test+EDB-3:1: D类型单元 (设备3, 索引: 1, 类型: sim)
2025-02-23 19:29:45,968 - INFO -   - SIM_lb_test+EDB-3:2: D类型单元 (设备3, 索引: 2, 类型: sim)
2025-02-23 19:29:45,969 - INFO -   - SIM_lb_test+EDB-3:3: D类型单元 (设备3, 索引: 3, 类型: sim)
2025-02-23 19:29:45,969 - INFO -   - SIM_lb_test+EDB-3:4: D类型单元 (设备3, 索引: 4, 类型: sim)
2025-02-23 19:29:45,969 - INFO -   - SIM_lb_test+EDB-3:5: D类型单元 (设备3, 索引: 5, 类型: sim)
2025-02-23 19:29:45,969 - INFO -   - SIM_lb_test+EDB-3:6: D类型单元 (设备3, 索引: 6, 类型: sim)
2025-02-23 19:29:45,970 - INFO -   - SIM_lb_test+EDB-3:7: B类型单元 (设备3, 索引: 7, 类型: sim)
2025-02-23 19:29:45,970 - INFO -   - SIM_lb_test+EDB-3:8: B类型单元 (设备3, 索引: 8, 类型: sim)
2025-02-23 19:29:45,970 - INFO -   - SIM_lb_test+EDB-3:9: B类型单元 (设备3, 索引: 9, 类型: sim)
2025-02-23 19:29:45,970 - INFO -   - SIM_lb_test+EDB-3:10: D类型单元 (设备3, 索引: 10, 类型: sim)
2025-02-23 19:29:45,971 - INFO -   - SIM_lb_test+EDB-3:11: D类型单元 (设备3, 索引: 11, 类型: sim)
2025-02-23 19:29:45,971 - INFO -   - SIM_lb_test+EDB-3:12: D类型单元 (设备3, 索引: 12, 类型: sim)
2025-02-23 19:29:45,971 - INFO -   - SIM_lb_test+EDB-3:13: D类型单元 (设备3, 索引: 13, 类型: sim)
2025-02-23 19:29:45,971 - INFO -   - SIM_lb_test+EDB-3:14: D类型单元 (设备3, 索引: 14, 类型: sim)
2025-02-23 19:29:45,971 - INFO -   - SIM_lb_test+EDB-3:15: D类型单元 (设备3, 索引: 15, 类型: sim)
2025-02-23 19:29:45,971 - INFO -   - SIM_lb_test+EDB-3:16: D类型单元 (设备3, 索引: 16, 类型: sim)
2025-02-23 19:29:45,971 - INFO -   - SIM_lb_test+EDB-3:17: D类型单元 (设备3, 索引: 17, 类型: sim)
2025-02-23 19:29:45,972 - INFO -   - SIM_lb_test+EDB-3:18: D类型单元 (设备3, 索引: 18, 类型: sim)
2025-02-23 19:29:45,972 - INFO -   - SIM_lb_test+EDB-3:19: D类型单元 (设备3, 索引: 19, 类型: sim)
2025-02-23 19:29:45,972 - INFO -   - SIM_lb_test+EBD-4:0: B类型单元 (设备4, 索引: 0, 类型: sim)
2025-02-23 19:29:45,972 - INFO -   - SIM_lb_test+EBD-4:1: B类型单元 (设备4, 索引: 1, 类型: sim)
2025-02-23 19:29:45,973 - INFO -   - SIM_lb_test+EBD-4:2: B类型单元 (设备4, 索引: 2, 类型: sim)
2025-02-23 19:29:45,973 - INFO -   - SIM_lb_test+EBD-4:3: B类型单元 (设备4, 索引: 3, 类型: sim)
2025-02-23 19:29:45,973 - INFO -   - SIM_lb_test+EBD-4:4: B类型单元 (设备4, 索引: 4, 类型: sim)
2025-02-23 19:29:45,973 - INFO -   - SIM_lb_test+EBD-4:5: B类型单元 (设备4, 索引: 5, 类型: sim)
2025-02-23 19:29:45,973 - INFO -   - SIM_lb_test+EBD-4:6: B类型单元 (设备4, 索引: 6, 类型: sim)
2025-02-23 19:29:45,973 - INFO -   - SIM_lb_test+EBD-4:7: B类型单元 (设备4, 索引: 7, 类型: sim)
2025-02-23 19:29:45,973 - INFO -   - SIM_lb_test+EBD-4:8: D类型单元 (设备4, 索引: 8, 类型: sim)
2025-02-23 19:29:45,973 - INFO -   - SIM_lb_test+EBD-4:9: D类型单元 (设备4, 索引: 9, 类型: sim)
2025-02-23 19:29:45,973 - INFO -   - SIM_lb_test+EBD-4:10: D类型单元 (设备4, 索引: 10, 类型: sim)
2025-02-23 19:29:45,974 - INFO -   - SIM_lb_test+EBD-4:11: D类型单元 (设备4, 索引: 11, 类型: sim)
2025-02-23 19:29:45,974 - INFO -   - SIM_lb_test+EBD-4:12: B类型单元 (设备4, 索引: 12, 类型: sim)
2025-02-23 19:29:45,974 - INFO -   - SIM_lb_test+EBD-4:13: B类型单元 (设备4, 索引: 13, 类型: sim)
2025-02-23 19:29:45,974 - INFO -   - SIM_lb_test+EBD-4:14: B类型单元 (设备4, 索引: 14, 类型: sim)
2025-02-23 19:29:45,974 - INFO -   - SIM_lb_test+EBD-4:15: B类型单元 (设备4, 索引: 15, 类型: sim)
2025-02-23 19:29:45,974 - INFO -   - SIM_lb_test+EBD-4:16: B类型单元 (设备4, 索引: 16, 类型: sim)
2025-02-23 19:29:45,974 - INFO -   - SIM_lb_test+EBD-4:17: B类型单元 (设备4, 索引: 17, 类型: sim)
2025-02-23 19:29:45,975 - INFO -   - SIM_lb_test+EBD-4:18: B类型单元 (设备4, 索引: 18, 类型: sim)
2025-02-23 19:29:45,975 - INFO -   - SIM_lb_test+EBD-4:19: B类型单元 (设备4, 索引: 19, 类型: sim)
2025-02-23 19:29:45,980 - INFO - 
节点统计:
2025-02-23 19:29:45,981 - INFO - - B类型节点 (sim): 38个
2025-02-23 19:29:45,981 - INFO - - D类型节点 (sim): 42个
2025-02-23 19:29:45,999 - INFO - 
连接关系统计:
2025-02-23 19:29:46,002 - INFO - - INTERNAL_CONNECTION类型关系: 760个
2025-02-23 19:29:46,002 - INFO - - ADJACENT_CONNECTION类型关系: 1200个
2025-02-23 19:29:46,003 - INFO - - TERMINATES_AT类型关系: 64个
2025-02-23 19:29:46,003 - INFO - - CONNECTED_TO类型关系: 16个
2025-02-23 19:29:46,003 - INFO - 
提示: 在Neo4j浏览器中可以使用以下查询来分析节点:
2025-02-23 19:29:46,004 - INFO - 
1. 查看所有仿真节点:
MATCH (v:Vertex {type: 'sim'})
RETURN v

2. 按类型统计节点:
MATCH (v:Vertex)
WITH v.UnitType as unit_type, v.type as type, count(*) as count
RETURN unit_type, type, count
ORDER BY unit_type

3. 查看启用的仿真节点:
MATCH (v:Vertex {type: 'sim'})
WHERE v.IsEnabled = true
RETURN v

4. 查看节点间的连接关系:
MATCH p=()-[r:INTERNAL_CONNECTION|ADJACENT_CONNECTION]->()
RETURN p LIMIT 100

5. 按设备分组查看连接关系:
MATCH (v1:Vertex)-[r]->(v2:Vertex)
RETURN v1.DeviceId as device, type(r) as rel_type, count(r) as count
ORDER BY device

6. 查找孤立节点(没有任何连接的节点):
MATCH (v:Vertex)
WHERE NOT (v)-[]-()
RETURN v
        
